<?xml version="1.0" encoding="UTF-8"?>
<!-- Generated by org.testng.reporters.JUnitReportReporter -->
<testsuite skipped="0" hostname="DESKTOP-7T59N6P" name="org.testxml.C" tests="1" failures="0" timestamp="07 Oct 2021 14:36:45 GMT" time="0.015" errors="0">
  <testcase name="sampleC" time="0.015" classname="org.testxml.C"/>
</testsuite> <!-- org.testxml.C -->
