<?xml version="1.0" encoding="UTF-8"?>
<!-- Generated by org.testng.reporters.JUnitReportReporter -->
<testsuite skipped="0" hostname="DESKTOP-7T59N6P" name="org.windows.WindowTest" tests="1" failures="0" timestamp="01 Oct 2021 06:10:03 GMT" time="28.208" errors="0">
  <testcase name="amazonWindow" time="28.208" classname="org.windows.WindowTest"/>
</testsuite> <!-- org.windows.WindowTest -->
