<?xml version="1.0" encoding="UTF-8"?>
<!-- Generated by org.testng.reporters.JUnitReportReporter -->
<testsuite skipped="0" hostname="DESKTOP-7T59N6P" name="org.groups.GroupTest" tests="1" failures="0" timestamp="07 Nov 2021 13:47:32 GMT" time="0.031" errors="0">
  <testcase name="classB" time="0.031" classname="org.groups.GroupTest"/>
</testsuite> <!-- org.groups.GroupTest -->
