<?xml version="1.0" encoding="UTF-8"?>
<!-- Generated by org.testng.reporters.JUnitReportReporter -->
<testsuite skipped="0" hostname="DESKTOP-7T59N6P" name="org.screenshot.ScreenshotTest" tests="2" failures="0" timestamp="28 Sep 2021 23:22:13 GMT" time="15.174" errors="0">
  <testcase name="toolsScroll" time="6.276" classname="org.screenshot.ScreenshotTest"/>
  <testcase name="greenScreenshot" time="8.898" classname="org.screenshot.ScreenshotTest"/>
</testsuite> <!-- org.screenshot.ScreenshotTest -->
