<?xml version="1.0" encoding="UTF-8"?>
<!-- Generated by org.testng.reporters.JUnitReportReporter -->
<testsuite skipped="0" hostname="DESKTOP-7T59N6P" name="org.actions.AmazonActionsTest" tests="1" failures="0" timestamp="12 Oct 2021 23:56:21 GMT" time="14.300" errors="0">
  <testcase name="mouseActions" time="14.300" classname="org.actions.AmazonActionsTest"/>
</testsuite> <!-- org.actions.AmazonActionsTest -->
