<?xml version="1.0" encoding="UTF-8"?>
<!-- Generated by org.testng.reporters.JUnitReportReporter -->
<testsuite skipped="0" hostname="DESKTOP-7T59N6P" name="org.webtable.WebTableTest" tests="1" failures="0" timestamp="01 Oct 2021 06:39:23 GMT" time="6.623" errors="0">
  <testcase name="demoWebTable" time="6.623" classname="org.webtable.WebTableTest"/>
</testsuite> <!-- org.webtable.WebTableTest -->
