<?xml version="1.0" encoding="UTF-8"?>
<!-- Generated by org.testng.reporters.JUnitReportReporter -->
<testsuite skipped="0" hostname="DESKTOP-7T59N6P" name="org.locator.AamzonTest" tests="1" failures="0" timestamp="27 Sep 2021 15:39:33 GMT" time="13.544" errors="0">
  <testcase name="launchTest" time="13.544" classname="org.locator.AamzonTest"/>
</testsuite> <!-- org.locator.AamzonTest -->
