<?xml version="1.0" encoding="UTF-8"?>
<!-- Generated by org.testng.reporters.JUnitReportReporter -->
<testsuite skipped="0" hostname="DESKTOP-7T59N6P" name="org.launch.LaunchBrowser" tests="1" failures="0" timestamp="24 Sep 2021 23:57:19 GMT" time="10.864" errors="0">
  <testcase name="launchTest" time="10.864" classname="org.launch.LaunchBrowser"/>
</testsuite> <!-- org.launch.LaunchBrowser -->
