<?xml version="1.0" encoding="UTF-8"?>
<!-- Generated by org.testng.reporters.JUnitReportReporter -->
<testsuite skipped="0" hostname="DESKTOP-7T59N6P" name="org.actions.ActionsTest" tests="1" failures="0" timestamp="28 Sep 2021 00:03:01 GMT" time="12.826" errors="0">
  <testcase name="mouseActions" time="12.826" classname="org.actions.ActionsTest"/>
</testsuite> <!-- org.actions.ActionsTest -->
