<?xml version="1.0" encoding="UTF-8"?>
<!-- Generated by org.testng.reporters.JUnitReportReporter -->
<testsuite skipped="0" hostname="DESKTOP-7T59N6P" name="org.locator.AamzonTest" tests="1" failures="0" timestamp="25 Sep 2021 00:42:47 GMT" time="12.054" errors="0">
  <testcase name="launchTest" time="12.054" classname="org.locator.AamzonTest"/>
</testsuite> <!-- org.locator.AamzonTest -->
