<?xml version="1.0" encoding="UTF-8"?>
<!-- Generated by org.testng.reporters.JUnitReportReporter -->
<testsuite skipped="0" hostname="DESKTOP-7T59N6P" name="org.alerts.AlertTest" tests="1" failures="0" timestamp="30 Sep 2021 00:04:05 GMT" time="10.047" errors="0">
  <testcase name="demoAlert" time="10.047" classname="org.alerts.AlertTest"/>
</testsuite> <!-- org.alerts.AlertTest -->
