<?xml version="1.0" encoding="UTF-8"?>
<!-- Generated by org.testng.reporters.JUnitReportReporter -->
<testsuite skipped="0" hostname="DESKTOP-7T59N6P" name="org.locator.LocatorTest" tests="1" failures="0" timestamp="25 Sep 2021 00:03:09 GMT" time="6.219" errors="0">
  <testcase name="launchTest" time="6.219" classname="org.locator.LocatorTest"/>
</testsuite> <!-- org.locator.LocatorTest -->
