<?xml version="1.0" encoding="UTF-8"?>
<!-- Generated by org.testng.reporters.JUnitReportReporter -->
<testsuite skipped="1" hostname="DESKTOP-7T59N6P" name="org.dropdown.DropdownTest" tests="2" failures="0" timestamp="30 Sep 2021 23:54:47 GMT" time="7.439" errors="0">
  <testcase name="multidropdown" time="7.439" classname="org.dropdown.DropdownTest"/>
  <testcase name="facebookDropDown" classname="org.dropdown.DropdownTest">
    <skipped/>
  </testcase> <!-- facebookDropDown -->
</testsuite> <!-- org.dropdown.DropdownTest -->
