<?xml version="1.0" encoding="UTF-8"?>
<!-- Generated by org.testng.reporters.JUnitReportReporter -->
<testsuite skipped="0" hostname="DESKTOP-7T59N6P" name="org.parameters.ParametersTest" tests="1" failures="0" timestamp="07 Nov 2021 13:37:46 GMT" time="7.494" errors="0">
  <testcase name="testFBParameters" time="7.494" classname="org.parameters.ParametersTest"/>
</testsuite> <!-- org.parameters.ParametersTest -->
