<?xml version="1.0" encoding="UTF-8"?>
<!-- Generated by org.testng.reporters.JUnitReportReporter -->
<testsuite skipped="1" hostname="DESKTOP-7T59N6P" name="org.robotclass.RobotTest" tests="2" failures="0" timestamp="28 Sep 2021 16:31:10 GMT" time="11.740" errors="0">
  <testcase name="robotGreens" time="11.740" classname="org.robotclass.RobotTest"/>
  <testcase name="robotFacebook" classname="org.robotclass.RobotTest">
    <skipped/>
  </testcase> <!-- robotFacebook -->
</testsuite> <!-- org.robotclass.RobotTest -->
