<?xml version="1.0" encoding="UTF-8"?>
<!-- Generated by org.testng.reporters.JUnitReportReporter -->
<testsuite skipped="0" hostname="DESKTOP-7T59N6P" name="org.excel.ExcelTest" tests="1" failures="0" timestamp="07 Oct 2021 00:56:37 GMT" time="1.378" errors="0">
  <testcase name="readExcel" time="1.378" classname="org.excel.ExcelTest"/>
</testsuite> <!-- org.excel.ExcelTest -->
